<?xml version="1.0" encoding="UTF-8"?>
<!-- Generated by org.testng.reporters.JUnitReportReporter -->
<testsuite hostname="Leti" failures="0" tests="1" name="salesForceLeti.tc37blockingEventWeeklyRecurrence" time="36.740" errors="0" timestamp="2023-02-19T17:27:08 PST" skipped="0">
  <testcase classname="salesForceLeti.tc37blockingEventWeeklyRecurrence" name="blockingEventWeeklyRecurrence" time="36.740"/>
  <system-out/>
</testsuite> <!-- salesForceLeti.tc37blockingEventWeeklyRecurrence -->
