<?xml version="1.0" encoding="UTF-8"?>
<!-- Generated by org.testng.reporters.JUnitReportReporter -->
<testsuite hostname="Leti" failures="0" tests="1" name="salesForceLeti.tc29viewContact" time="25.438" errors="0" timestamp="2023-02-19T22:24:31 PST" skipped="0">
  <testcase classname="salesForceLeti.tc29viewContact" name="viewContact" time="25.438"/>
  <system-out/>
</testsuite> <!-- salesForceLeti.tc29viewContact -->
