<?xml version="1.0" encoding="UTF-8"?>
<!-- Generated by org.testng.reporters.JUnitReportReporter -->
<testsuite hostname="Leti" failures="0" tests="1" name="salesForceLeti.tc27checkRecentlyCreatedContacts" time="24.795" errors="0" timestamp="2023-02-19T22:21:34 PST" skipped="0">
  <testcase classname="salesForceLeti.tc27checkRecentlyCreatedContacts" name="checkRecentlyCreatedContacts" time="24.795"/>
  <system-out/>
</testsuite> <!-- salesForceLeti.tc27checkRecentlyCreatedContacts -->
