<?xml version="1.0" encoding="UTF-8"?>
<!-- Generated by org.testng.reporters.JUnitReportReporter -->
<testsuite hostname="Leti" failures="0" tests="1" name="salesForceLeti.tc34checkEditedLastnameUpdates" time="63.152" errors="0" timestamp="2023-02-19T22:43:51 PST" skipped="0">
  <testcase classname="salesForceLeti.tc34checkEditedLastnameUpdates" name="checkEditedLastnameUpdates" time="63.152"/>
  <system-out/>
</testsuite> <!-- salesForceLeti.tc34checkEditedLastnameUpdates -->
