<?xml version="1.0" encoding="UTF-8"?>
<!-- Generated by org.testng.reporters.JUnitReportReporter -->
<testsuite hostname="Leti" failures="0" tests="1" name="salesForceLeti.tc25createNewContact" time="21.894" errors="0" timestamp="2023-02-19T17:27:09 PST" skipped="0">
  <testcase classname="salesForceLeti.tc25createNewContact" name="createNewContact" time="21.894"/>
  <system-out/>
</testsuite> <!-- salesForceLeti.tc25createNewContact -->
