<?xml version="1.0" encoding="UTF-8"?>
<!-- Generated by org.testng.reporters.JUnitReportReporter -->
<testsuite hostname="Leti" failures="0" tests="1" name="salesForceLeti.tc12EditView" time="39.751" errors="0" timestamp="2023-02-19T18:02:28 PST" skipped="0">
  <testcase classname="salesForceLeti.tc12EditView" name="editView" time="39.751"/>
  <system-out/>
</testsuite> <!-- salesForceLeti.tc12EditView -->
