<?xml version="1.0" encoding="UTF-8"?>
<!-- Generated by org.testng.reporters.JUnitReportReporter -->
<testsuite hostname="Leti" failures="0" tests="1" name="salesForceLeti.tc4aForgotPassword" time="8.430" errors="0" timestamp="2023-02-19T17:27:08 PST" skipped="0">
  <testcase classname="salesForceLeti.tc4aForgotPassword" name="aForgotPassword" time="8.430"/>
  <system-out/>
</testsuite> <!-- salesForceLeti.tc4aForgotPassword -->
