<?xml version="1.0" encoding="UTF-8"?>
<!-- Generated by org.testng.reporters.JUnitReportReporter -->
<testsuite hostname="Leti" failures="0" tests="1" name="salesForceLeti.tc30checkErrorMessageInContact" time="26.958" errors="0" timestamp="2023-02-19T17:27:08 PST" skipped="0">
  <testcase classname="salesForceLeti.tc30checkErrorMessageInContact" name="checkErrorMessageInContact" time="26.958"/>
  <system-out/>
</testsuite> <!-- salesForceLeti.tc30checkErrorMessageInContact -->
