<?xml version="1.0" encoding="UTF-8"?>
<!-- Generated by org.testng.reporters.JUnitReportReporter -->
<testsuite hostname="Leti" failures="0" tests="1" name="salesForceLeti.tc17OpportunityReport" time="23.938" errors="0" timestamp="2023-02-19T22:47:15 PST" skipped="0">
  <testcase classname="salesForceLeti.tc17OpportunityReport" name="OpportunityReport" time="23.938"/>
  <system-out/>
</testsuite> <!-- salesForceLeti.tc17OpportunityReport -->
