<?xml version="1.0" encoding="UTF-8"?>
<!-- Generated by org.testng.reporters.JUnitReportReporter -->
<testsuite hostname="Leti" failures="0" tests="1" name="salesForceLeti.tc6UserUploadPhoto" time="77.639" errors="0" timestamp="2023-02-19T18:00:15 PST" skipped="0">
  <testcase classname="salesForceLeti.tc6UserUploadPhoto" name="UserUploadPhoto" time="77.639"/>
  <system-out/>
</testsuite> <!-- salesForceLeti.tc6UserUploadPhoto -->
