<?xml version="1.0" encoding="UTF-8"?>
<!-- Generated by org.testng.reporters.JUnitReportReporter -->
<testsuite hostname="Leti" failures="0" tests="1" name="salesForceLeti.tc23todaysLeads" time="26.699" errors="0" timestamp="2023-02-19T18:03:18 PST" skipped="0">
  <testcase classname="salesForceLeti.tc23todaysLeads" name="todaysLeads" time="26.699"/>
  <system-out/>
</testsuite> <!-- salesForceLeti.tc23todaysLeads -->
