<?xml version="1.0" encoding="UTF-8"?>
<!-- Generated by org.testng.reporters.JUnitReportReporter -->
<testsuite hostname="Leti" failures="0" tests="1" name="salesForceLeti.tc35checkTabCustomization" time="53.598" errors="0" timestamp="2023-02-19T17:27:08 PST" skipped="0">
  <testcase classname="salesForceLeti.tc35checkTabCustomization" name="checkTabCustomization" time="53.598"/>
  <system-out/>
</testsuite> <!-- salesForceLeti.tc35checkTabCustomization -->
