<?xml version="1.0" encoding="UTF-8"?>
<!-- Generated by org.testng.reporters.JUnitReportReporter -->
<testsuite hostname="Leti" failures="0" tests="1" name="salesForceLeti.tc36blockingEventInCalendar" time="42.233" errors="0" timestamp="2023-02-19T17:27:09 PST" skipped="0">
  <testcase classname="salesForceLeti.tc36blockingEventInCalendar" name="blockingEventInCalendar" time="42.233"/>
  <system-out/>
</testsuite> <!-- salesForceLeti.tc36blockingEventInCalendar -->
