<?xml version="1.0" encoding="UTF-8"?>
<!-- Generated by org.testng.reporters.JUnitReportReporter -->
<testsuite hostname="Leti" failures="0" tests="1" name="salesForceLeti.TC1LoginErrorMessage" time="37.750" errors="0" timestamp="2023-02-19T17:27:08 PST" skipped="0">
  <testcase classname="salesForceLeti.TC1LoginErrorMessage" name="loginErrorMessage" time="37.750"/>
  <system-out/>
</testsuite> <!-- salesForceLeti.TC1LoginErrorMessage -->
