<?xml version="1.0" encoding="UTF-8"?>
<!-- Generated by org.testng.reporters.JUnitReportReporter -->
<testsuite hostname="Leti" failures="0" tests="1" name="salesForceLeti.tc32checkSaveAndNewButtons" time="34.572" errors="0" timestamp="2023-02-19T17:27:08 PST" skipped="0">
  <testcase classname="salesForceLeti.tc32checkSaveAndNewButtons" name="checkSaveAndNewButtons" time="34.572"/>
  <system-out/>
</testsuite> <!-- salesForceLeti.tc32checkSaveAndNewButtons -->
